<?xml version="1.0" encoding="UTF-8"?>
<!-- Generated by org.testng.reporters.JUnitReportReporter -->
<testsuite name="addRequest" tests="1" failures="0" timestamp="28 May 2017 04:44:37 GMT" time="2.850" errors="0">
  <testcase name="RequestAdd" time="2.850" classname="addRequest"/>
</testsuite> <!-- addRequest -->
