<?xml version="1.0" encoding="UTF-8"?>
<!-- Generated by org.testng.reporters.JUnitReportReporter -->
<testsuite name="basics2" tests="1" failures="0" timestamp="28 May 2017 07:48:33 GMT" time="3.315" errors="0">
  <testcase name="createAndDelete" time="3.315" classname="basics2"/>
</testsuite> <!-- basics2 -->
