<?xml version="1.0" encoding="UTF-8"?>
<!-- Generated by org.testng.reporters.JUnitReportReporter -->
<testsuite name="basics" tests="1" failures="0" timestamp="28 May 2017 03:30:12 GMT" time="3.368" errors="0">
  <testcase name="Rest" time="3.368" classname="basics"/>
</testsuite> <!-- basics -->
